INFO  [2020-12-27 05:36:36,761] io.dropwizard.server.DefaultServerFactory: Registering jersey handler with root path prefix: /
INFO  [2020-12-27 05:36:36,780] io.dropwizard.server.DefaultServerFactory: Registering admin handler with root path prefix: /
INFO  [2020-12-27 05:36:36,785] io.dropwizard.assets.AssetsBundle: Registering AssetBundle with name: assets for path /assets/*
INFO  [2020-12-27 05:36:36,845] io.dropwizard.hibernate.SessionFactoryFactory: Entity classes: [com.example.helloworld.core.Person]
INFO  [2020-12-27 05:36:37,057] org.hibernate.dialect.Dialect: HHH000400: Using dialect: org.hibernate.dialect.H2Dialect
INFO  [2020-12-27 05:36:37,268] io.dropwizard.server.ServerFactory: Starting hello-world
                           web-scale hello world dP for the web
                                                 88
  .d8888b. dP.  .dP .d8888b. 88d8b.d8b. 88d888b. 88 .d8888b.
  88ooood8  `8bd8'  88'  `88 88'`88'`88 88'  `88 88 88ooood8
  88.  ...  .d88b.  88.  .88 88  88  88 88.  .88 88 88.  ...
  `88888P' dP'  `dP `88888P8 dP  dP  dP 88Y888P' dP `88888P'
                                        88
                                        dP
INFO  [2020-12-27 05:36:37,607] org.eclipse.jetty.setuid.SetUIDListener: Opened application@dc53bde{HTTP/1.1, (http/1.1)}{0.0.0.0:34178}
INFO  [2020-12-27 05:36:37,607] org.eclipse.jetty.setuid.SetUIDListener: Opened admin@2b43e7ce{HTTP/1.1, (http/1.1)}{0.0.0.0:33068}
INFO  [2020-12-27 05:36:37,617] org.eclipse.jetty.server.Server: jetty-9.4.35.v20201120; built: 2020-11-20T21:17:03.964Z; git: bdc54f03a5e0a7e280fab27f55c3c75ee8da89fb; jvm 11.0.9+11-LTS
INFO  [2020-12-27 05:36:38,156] io.dropwizard.jersey.DropwizardResourceConfig: The following paths were found for the configured resources:

    GET     /filtered/hello (com.example.helloworld.resources.FilteredResource)
    GET     /hello-world (com.example.helloworld.resources.HelloWorldResource)
    POST    /hello-world (com.example.helloworld.resources.HelloWorldResource)
    GET     /hello-world/date (com.example.helloworld.resources.HelloWorldResource)
    GET     /people (com.example.helloworld.resources.PeopleResource)
    POST    /people (com.example.helloworld.resources.PeopleResource)
    GET     /people/{personId} (com.example.helloworld.resources.PersonResource)
    GET     /people/{personId}/view_freemarker (com.example.helloworld.resources.PersonResource)
    GET     /people/{personId}/view_mustache (com.example.helloworld.resources.PersonResource)
    GET     /protected (com.example.helloworld.resources.ProtectedResource)
    GET     /protected/admin (com.example.helloworld.resources.ProtectedResource)
    GET     /views/iso88591.ftl (com.example.helloworld.resources.ViewResource)
    GET     /views/iso88591.mustache (com.example.helloworld.resources.ViewResource)
    GET     /views/utf8.ftl (com.example.helloworld.resources.ViewResource)
    GET     /views/utf8.mustache (com.example.helloworld.resources.ViewResource)

INFO  [2020-12-27 05:36:38,182] org.eclipse.jetty.server.handler.ContextHandler: Started i.d.j.MutableServletContextHandler@1d2b8249{/,null,AVAILABLE}
INFO  [2020-12-27 05:36:38,192] io.dropwizard.setup.AdminEnvironment: tasks = 

    POST    /tasks/echo (com.example.helloworld.tasks.EchoTask)
    POST    /tasks/log-level (io.dropwizard.servlets.tasks.LogConfigurationTask)
    POST    /tasks/gc (io.dropwizard.servlets.tasks.GarbageCollectionTask)

INFO  [2020-12-27 05:36:38,195] org.eclipse.jetty.server.handler.ContextHandler: Started i.d.j.MutableServletContextHandler@50b153f8{/,null,AVAILABLE}
INFO  [2020-12-27 05:36:38,235] org.eclipse.jetty.server.AbstractConnector: Started application@dc53bde{HTTP/1.1, (http/1.1)}{0.0.0.0:34178}
INFO  [2020-12-27 05:36:38,262] org.eclipse.jetty.server.AbstractConnector: Started admin@2b43e7ce{HTTP/1.1, (http/1.1)}{0.0.0.0:33068}
INFO  [2020-12-27 05:36:38,262] org.eclipse.jetty.server.Server: Started @26161ms
INFO  [2020-12-27 05:36:42,254] liquibase.executor.jvm.JdbcExecutor: SELECT COUNT(*) FROM PUBLIC.DATABASECHANGELOGLOCK
INFO  [2020-12-27 05:36:42,287] liquibase.executor.jvm.JdbcExecutor: CREATE TABLE PUBLIC.DATABASECHANGELOGLOCK (ID INT NOT NULL, LOCKED BOOLEAN NOT NULL, LOCKGRANTED TIMESTAMP, LOCKEDBY VARCHAR(255), CONSTRAINT PK_DATABASECHANGELOGLOCK PRIMARY KEY (ID))
INFO  [2020-12-27 05:36:42,291] liquibase.executor.jvm.JdbcExecutor: SELECT COUNT(*) FROM PUBLIC.DATABASECHANGELOGLOCK
INFO  [2020-12-27 05:36:42,296] liquibase.executor.jvm.JdbcExecutor: DELETE FROM PUBLIC.DATABASECHANGELOGLOCK
INFO  [2020-12-27 05:36:42,300] liquibase.executor.jvm.JdbcExecutor: INSERT INTO PUBLIC.DATABASECHANGELOGLOCK (ID, LOCKED) VALUES (1, FALSE)
INFO  [2020-12-27 05:36:42,303] liquibase.executor.jvm.JdbcExecutor: SELECT LOCKED FROM PUBLIC.DATABASECHANGELOGLOCK WHERE ID=1
INFO  [2020-12-27 05:36:42,333] liquibase.lockservice.StandardLockService: Successfully acquired change log lock
INFO  [2020-12-27 05:36:43,396] liquibase.changelog.StandardChangeLogHistoryService: Creating database history table with name: PUBLIC.DATABASECHANGELOG
INFO  [2020-12-27 05:36:43,405] liquibase.executor.jvm.JdbcExecutor: CREATE TABLE PUBLIC.DATABASECHANGELOG (ID VARCHAR(255) NOT NULL, AUTHOR VARCHAR(255) NOT NULL, FILENAME VARCHAR(255) NOT NULL, DATEEXECUTED TIMESTAMP NOT NULL, ORDEREXECUTED INT NOT NULL, EXECTYPE VARCHAR(10) NOT NULL, MD5SUM VARCHAR(35), DESCRIPTION VARCHAR(255), COMMENTS VARCHAR(255), TAG VARCHAR(255), LIQUIBASE VARCHAR(20), CONTEXTS VARCHAR(255), LABELS VARCHAR(255), DEPLOYMENT_ID VARCHAR(10))
INFO  [2020-12-27 05:36:43,414] liquibase.executor.jvm.JdbcExecutor: SELECT COUNT(*) FROM PUBLIC.DATABASECHANGELOG
INFO  [2020-12-27 05:36:43,414] liquibase.changelog.StandardChangeLogHistoryService: Reading from PUBLIC.DATABASECHANGELOG
INFO  [2020-12-27 05:36:43,422] liquibase.executor.jvm.JdbcExecutor: SELECT * FROM PUBLIC.DATABASECHANGELOG ORDER BY DATEEXECUTED ASC, ORDEREXECUTED ASC
INFO  [2020-12-27 05:36:43,424] liquibase.executor.jvm.JdbcExecutor: SELECT COUNT(*) FROM PUBLIC.DATABASECHANGELOGLOCK
INFO  [2020-12-27 05:36:43,544] liquibase.executor.jvm.JdbcExecutor: CREATE TABLE PUBLIC.people (id BIGINT AUTO_INCREMENT NOT NULL, fullName VARCHAR(255) NOT NULL, jobTitle VARCHAR(255), yearBorn INT, CONSTRAINT PK_PEOPLE PRIMARY KEY (id))
INFO  [2020-12-27 05:36:43,548] liquibase.changelog.ChangeSet: Table people created
INFO  [2020-12-27 05:36:43,549] liquibase.changelog.ChangeSet: ChangeSet migrations.xml::1::codahale ran successfully in 13ms
INFO  [2020-12-27 05:36:43,550] liquibase.executor.jvm.JdbcExecutor: SELECT MAX(ORDEREXECUTED) FROM PUBLIC.DATABASECHANGELOG
INFO  [2020-12-27 05:36:43,570] liquibase.executor.jvm.JdbcExecutor: INSERT INTO PUBLIC.DATABASECHANGELOG (ID, AUTHOR, FILENAME, DATEEXECUTED, ORDEREXECUTED, MD5SUM, DESCRIPTION, COMMENTS, EXECTYPE, CONTEXTS, LABELS, LIQUIBASE, DEPLOYMENT_ID) VALUES ('1', 'codahale', 'migrations.xml', NOW(), 1, '8:d2f9492a4069db7fed2745e2ee1ec0d2', 'createTable tableName=people', '', 'EXECUTED', NULL, NULL, '3.10.2', '9047403424')
INFO  [2020-12-27 05:36:43,589] liquibase.lockservice.StandardLockService: Successfully released change log lock
INFO  [2020-12-27 05:36:44,083] org.hibernate.engine.internal.StatisticalLoggingSessionEventListener: Session Metrics {
    74033 nanoseconds spent acquiring 1 JDBC connections;
    45327 nanoseconds spent releasing 1 JDBC connections;
    38486667 nanoseconds spent preparing 1 JDBC statements;
    4064612 nanoseconds spent executing 1 JDBC statements;
    0 nanoseconds spent executing 0 JDBC batches;
    0 nanoseconds spent performing 0 L2C puts;
    0 nanoseconds spent performing 0 L2C hits;
    0 nanoseconds spent performing 0 L2C misses;
    726151 nanoseconds spent executing 1 flushes (flushing a total of 1 entities and 0 collections);
    0 nanoseconds spent executing 0 partial-flushes (flushing a total of 0 entities and 0 collections)
}
INFO  [2020-12-27 05:36:44,216] org.hibernate.engine.internal.StatisticalLoggingSessionEventListener: Session Metrics {
    70890 nanoseconds spent acquiring 1 JDBC connections;
    51543 nanoseconds spent releasing 1 JDBC connections;
    532547 nanoseconds spent preparing 1 JDBC statements;
    324906 nanoseconds spent executing 1 JDBC statements;
    0 nanoseconds spent executing 0 JDBC batches;
    0 nanoseconds spent performing 0 L2C puts;
    0 nanoseconds spent performing 0 L2C hits;
    0 nanoseconds spent performing 0 L2C misses;
    251711 nanoseconds spent executing 1 flushes (flushing a total of 1 entities and 0 collections);
    0 nanoseconds spent executing 0 partial-flushes (flushing a total of 0 entities and 0 collections)
}
INFO  [2020-12-27 05:36:44,244] org.hibernate.engine.internal.StatisticalLoggingSessionEventListener: Session Metrics {
    74522 nanoseconds spent acquiring 1 JDBC connections;
    45607 nanoseconds spent releasing 1 JDBC connections;
    90445 nanoseconds spent preparing 1 JDBC statements;
    1669859 nanoseconds spent executing 1 JDBC statements;
    0 nanoseconds spent executing 0 JDBC batches;
    0 nanoseconds spent performing 0 L2C puts;
    0 nanoseconds spent performing 0 L2C hits;
    0 nanoseconds spent performing 0 L2C misses;
    215114 nanoseconds spent executing 1 flushes (flushing a total of 1 entities and 0 collections);
    0 nanoseconds spent executing 0 partial-flushes (flushing a total of 0 entities and 0 collections)
}
INFO  [2020-12-27 05:36:44,261] org.hibernate.engine.internal.StatisticalLoggingSessionEventListener: Session Metrics {
    67258 nanoseconds spent acquiring 1 JDBC connections;
    45537 nanoseconds spent releasing 1 JDBC connections;
    88630 nanoseconds spent preparing 1 JDBC statements;
    400546 nanoseconds spent executing 1 JDBC statements;
    0 nanoseconds spent executing 0 JDBC batches;
    0 nanoseconds spent performing 0 L2C puts;
    0 nanoseconds spent performing 0 L2C hits;
    0 nanoseconds spent performing 0 L2C misses;
    217908 nanoseconds spent executing 1 flushes (flushing a total of 1 entities and 0 collections);
    0 nanoseconds spent executing 0 partial-flushes (flushing a total of 0 entities and 0 collections)
}
INFO  [2020-12-27 05:36:44,966] org.hibernate.engine.internal.StatisticalLoggingSessionEventListener: Session Metrics {
    64395 nanoseconds spent acquiring 1 JDBC connections;
    49518 nanoseconds spent releasing 1 JDBC connections;
    76128 nanoseconds spent preparing 1 JDBC statements;
    346418 nanoseconds spent executing 1 JDBC statements;
    0 nanoseconds spent executing 0 JDBC batches;
    0 nanoseconds spent performing 0 L2C puts;
    0 nanoseconds spent performing 0 L2C hits;
    0 nanoseconds spent performing 0 L2C misses;
    249197 nanoseconds spent executing 1 flushes (flushing a total of 1 entities and 0 collections);
    0 nanoseconds spent executing 0 partial-flushes (flushing a total of 0 entities and 0 collections)
}
INFO  [2020-12-27 05:36:44,997] org.eclipse.jetty.server.AbstractConnector: Stopped application@dc53bde{HTTP/1.1, (http/1.1)}{0.0.0.0:0}
INFO  [2020-12-27 05:36:45,004] org.eclipse.jetty.server.AbstractConnector: Stopped admin@2b43e7ce{HTTP/1.1, (http/1.1)}{0.0.0.0:0}
INFO  [2020-12-27 05:36:45,008] org.eclipse.jetty.server.handler.ContextHandler: Stopped i.d.j.MutableServletContextHandler@50b153f8{/,null,STOPPED}
INFO  [2020-12-27 05:36:45,011] org.eclipse.jetty.server.handler.ContextHandler: Stopped i.d.j.MutableServletContextHandler@1d2b8249{/,null,STOPPED}
INFO  [2020-12-27 06:10:52,203] io.dropwizard.server.DefaultServerFactory: Registering jersey handler with root path prefix: /
INFO  [2020-12-27 06:10:52,213] io.dropwizard.server.DefaultServerFactory: Registering admin handler with root path prefix: /
INFO  [2020-12-27 06:10:52,217] io.dropwizard.assets.AssetsBundle: Registering AssetBundle with name: assets for path /assets/*
INFO  [2020-12-27 06:10:52,252] io.dropwizard.hibernate.SessionFactoryFactory: Entity classes: [com.example.helloworld.core.Person]
INFO  [2020-12-27 06:10:52,375] org.hibernate.dialect.Dialect: HHH000400: Using dialect: org.hibernate.dialect.H2Dialect
INFO  [2020-12-27 06:10:52,507] io.dropwizard.server.ServerFactory: Starting hello-world
                           web-scale hello world dP for the web
                                                 88
  .d8888b. dP.  .dP .d8888b. 88d8b.d8b. 88d888b. 88 .d8888b.
  88ooood8  `8bd8'  88'  `88 88'`88'`88 88'  `88 88 88ooood8
  88.  ...  .d88b.  88.  .88 88  88  88 88.  .88 88 88.  ...
  `88888P' dP'  `dP `88888P8 dP  dP  dP 88Y888P' dP `88888P'
                                        88
                                        dP
INFO  [2020-12-27 06:10:52,989] org.eclipse.jetty.setuid.SetUIDListener: Opened application@40a258c5{HTTP/1.1, (http/1.1)}{0.0.0.0:44759}
INFO  [2020-12-27 06:10:52,990] org.eclipse.jetty.setuid.SetUIDListener: Opened admin@4e4654fa{HTTP/1.1, (http/1.1)}{0.0.0.0:41705}
INFO  [2020-12-27 06:10:53,012] org.eclipse.jetty.server.Server: jetty-9.4.35.v20201120; built: 2020-11-20T21:17:03.964Z; git: bdc54f03a5e0a7e280fab27f55c3c75ee8da89fb; jvm 11.0.9+11-LTS
INFO  [2020-12-27 06:10:53,605] io.dropwizard.jersey.DropwizardResourceConfig: The following paths were found for the configured resources:

    GET     /filtered/hello (com.example.helloworld.resources.FilteredResource)
    GET     /hello-world (com.example.helloworld.resources.HelloWorldResource)
    POST    /hello-world (com.example.helloworld.resources.HelloWorldResource)
    GET     /hello-world/date (com.example.helloworld.resources.HelloWorldResource)
    GET     /people (com.example.helloworld.resources.PeopleResource)
    POST    /people (com.example.helloworld.resources.PeopleResource)
    GET     /people/{personId} (com.example.helloworld.resources.PersonResource)
    GET     /people/{personId}/view_freemarker (com.example.helloworld.resources.PersonResource)
    GET     /people/{personId}/view_mustache (com.example.helloworld.resources.PersonResource)
    GET     /protected (com.example.helloworld.resources.ProtectedResource)
    GET     /protected/admin (com.example.helloworld.resources.ProtectedResource)
    GET     /views/iso88591.ftl (com.example.helloworld.resources.ViewResource)
    GET     /views/iso88591.mustache (com.example.helloworld.resources.ViewResource)
    GET     /views/utf8.ftl (com.example.helloworld.resources.ViewResource)
    GET     /views/utf8.mustache (com.example.helloworld.resources.ViewResource)

INFO  [2020-12-27 06:10:53,613] org.eclipse.jetty.server.handler.ContextHandler: Started i.d.j.MutableServletContextHandler@7599df71{/,null,AVAILABLE}
INFO  [2020-12-27 06:10:53,617] io.dropwizard.setup.AdminEnvironment: tasks = 

    POST    /tasks/echo (com.example.helloworld.tasks.EchoTask)
    POST    /tasks/log-level (io.dropwizard.servlets.tasks.LogConfigurationTask)
    POST    /tasks/gc (io.dropwizard.servlets.tasks.GarbageCollectionTask)

INFO  [2020-12-27 06:10:53,618] org.eclipse.jetty.server.handler.ContextHandler: Started i.d.j.MutableServletContextHandler@59dd9b0f{/,null,AVAILABLE}
INFO  [2020-12-27 06:10:53,637] org.eclipse.jetty.server.AbstractConnector: Started application@40a258c5{HTTP/1.1, (http/1.1)}{0.0.0.0:44759}
INFO  [2020-12-27 06:10:53,653] org.eclipse.jetty.server.AbstractConnector: Started admin@4e4654fa{HTTP/1.1, (http/1.1)}{0.0.0.0:41705}
INFO  [2020-12-27 06:10:53,662] org.eclipse.jetty.server.Server: Started @30003ms
INFO  [2020-12-27 06:10:57,615] liquibase.executor.jvm.JdbcExecutor: SELECT COUNT(*) FROM PUBLIC.DATABASECHANGELOGLOCK
INFO  [2020-12-27 06:10:57,657] liquibase.executor.jvm.JdbcExecutor: CREATE TABLE PUBLIC.DATABASECHANGELOGLOCK (ID INT NOT NULL, LOCKED BOOLEAN NOT NULL, LOCKGRANTED TIMESTAMP, LOCKEDBY VARCHAR(255), CONSTRAINT PK_DATABASECHANGELOGLOCK PRIMARY KEY (ID))
INFO  [2020-12-27 06:10:57,662] liquibase.executor.jvm.JdbcExecutor: SELECT COUNT(*) FROM PUBLIC.DATABASECHANGELOGLOCK
INFO  [2020-12-27 06:10:57,682] liquibase.executor.jvm.JdbcExecutor: DELETE FROM PUBLIC.DATABASECHANGELOGLOCK
INFO  [2020-12-27 06:10:57,686] liquibase.executor.jvm.JdbcExecutor: INSERT INTO PUBLIC.DATABASECHANGELOGLOCK (ID, LOCKED) VALUES (1, FALSE)
INFO  [2020-12-27 06:10:57,709] liquibase.executor.jvm.JdbcExecutor: SELECT LOCKED FROM PUBLIC.DATABASECHANGELOGLOCK WHERE ID=1
INFO  [2020-12-27 06:10:57,738] liquibase.lockservice.StandardLockService: Successfully acquired change log lock
INFO  [2020-12-27 06:10:58,638] liquibase.changelog.StandardChangeLogHistoryService: Creating database history table with name: PUBLIC.DATABASECHANGELOG
INFO  [2020-12-27 06:10:58,652] liquibase.executor.jvm.JdbcExecutor: CREATE TABLE PUBLIC.DATABASECHANGELOG (ID VARCHAR(255) NOT NULL, AUTHOR VARCHAR(255) NOT NULL, FILENAME VARCHAR(255) NOT NULL, DATEEXECUTED TIMESTAMP NOT NULL, ORDEREXECUTED INT NOT NULL, EXECTYPE VARCHAR(10) NOT NULL, MD5SUM VARCHAR(35), DESCRIPTION VARCHAR(255), COMMENTS VARCHAR(255), TAG VARCHAR(255), LIQUIBASE VARCHAR(20), CONTEXTS VARCHAR(255), LABELS VARCHAR(255), DEPLOYMENT_ID VARCHAR(10))
INFO  [2020-12-27 06:10:58,661] liquibase.executor.jvm.JdbcExecutor: SELECT COUNT(*) FROM PUBLIC.DATABASECHANGELOG
INFO  [2020-12-27 06:10:58,666] liquibase.changelog.StandardChangeLogHistoryService: Reading from PUBLIC.DATABASECHANGELOG
INFO  [2020-12-27 06:10:58,668] liquibase.executor.jvm.JdbcExecutor: SELECT * FROM PUBLIC.DATABASECHANGELOG ORDER BY DATEEXECUTED ASC, ORDEREXECUTED ASC
INFO  [2020-12-27 06:10:58,669] liquibase.executor.jvm.JdbcExecutor: SELECT COUNT(*) FROM PUBLIC.DATABASECHANGELOGLOCK
INFO  [2020-12-27 06:10:58,814] liquibase.executor.jvm.JdbcExecutor: CREATE TABLE PUBLIC.people (id BIGINT AUTO_INCREMENT NOT NULL, fullName VARCHAR(255) NOT NULL, jobTitle VARCHAR(255), yearBorn INT, CONSTRAINT PK_PEOPLE PRIMARY KEY (id))
INFO  [2020-12-27 06:10:58,816] liquibase.changelog.ChangeSet: Table people created
INFO  [2020-12-27 06:10:58,817] liquibase.changelog.ChangeSet: ChangeSet migrations.xml::1::codahale ran successfully in 4ms
INFO  [2020-12-27 06:10:58,818] liquibase.executor.jvm.JdbcExecutor: SELECT MAX(ORDEREXECUTED) FROM PUBLIC.DATABASECHANGELOG
INFO  [2020-12-27 06:10:58,845] liquibase.executor.jvm.JdbcExecutor: INSERT INTO PUBLIC.DATABASECHANGELOG (ID, AUTHOR, FILENAME, DATEEXECUTED, ORDEREXECUTED, MD5SUM, DESCRIPTION, COMMENTS, EXECTYPE, CONTEXTS, LABELS, LIQUIBASE, DEPLOYMENT_ID) VALUES ('1', 'codahale', 'migrations.xml', NOW(), 1, '8:d2f9492a4069db7fed2745e2ee1ec0d2', 'createTable tableName=people', '', 'EXECUTED', NULL, NULL, '3.10.2', '9049458669')
INFO  [2020-12-27 06:10:58,859] liquibase.lockservice.StandardLockService: Successfully released change log lock
INFO  [2020-12-27 06:10:59,350] org.hibernate.engine.internal.StatisticalLoggingSessionEventListener: Session Metrics {
    143107 nanoseconds spent acquiring 1 JDBC connections;
    46934 nanoseconds spent releasing 1 JDBC connections;
    33543439 nanoseconds spent preparing 1 JDBC statements;
    26252881 nanoseconds spent executing 1 JDBC statements;
    0 nanoseconds spent executing 0 JDBC batches;
    0 nanoseconds spent performing 0 L2C puts;
    0 nanoseconds spent performing 0 L2C hits;
    0 nanoseconds spent performing 0 L2C misses;
    219235 nanoseconds spent executing 1 flushes (flushing a total of 1 entities and 0 collections);
    0 nanoseconds spent executing 0 partial-flushes (flushing a total of 0 entities and 0 collections)
}
INFO  [2020-12-27 06:10:59,578] org.hibernate.engine.internal.StatisticalLoggingSessionEventListener: Session Metrics {
    872261 nanoseconds spent acquiring 1 JDBC connections;
    53779 nanoseconds spent releasing 1 JDBC connections;
    531360 nanoseconds spent preparing 1 JDBC statements;
    8378911 nanoseconds spent executing 1 JDBC statements;
    0 nanoseconds spent executing 0 JDBC batches;
    0 nanoseconds spent performing 0 L2C puts;
    0 nanoseconds spent performing 0 L2C hits;
    0 nanoseconds spent performing 0 L2C misses;
    289776 nanoseconds spent executing 1 flushes (flushing a total of 1 entities and 0 collections);
    0 nanoseconds spent executing 0 partial-flushes (flushing a total of 0 entities and 0 collections)
}
INFO  [2020-12-27 06:10:59,635] org.hibernate.engine.internal.StatisticalLoggingSessionEventListener: Session Metrics {
    91982 nanoseconds spent acquiring 1 JDBC connections;
    48052 nanoseconds spent releasing 1 JDBC connections;
    106230 nanoseconds spent preparing 1 JDBC statements;
    1778534 nanoseconds spent executing 1 JDBC statements;
    0 nanoseconds spent executing 0 JDBC batches;
    0 nanoseconds spent performing 0 L2C puts;
    0 nanoseconds spent performing 0 L2C hits;
    0 nanoseconds spent performing 0 L2C misses;
    221190 nanoseconds spent executing 1 flushes (flushing a total of 1 entities and 0 collections);
    0 nanoseconds spent executing 0 partial-flushes (flushing a total of 0 entities and 0 collections)
}
INFO  [2020-12-27 06:10:59,666] org.hibernate.engine.internal.StatisticalLoggingSessionEventListener: Session Metrics {
    71659 nanoseconds spent acquiring 1 JDBC connections;
    48331 nanoseconds spent releasing 1 JDBC connections;
    15282403 nanoseconds spent preparing 1 JDBC statements;
    480934 nanoseconds spent executing 1 JDBC statements;
    0 nanoseconds spent executing 0 JDBC batches;
    0 nanoseconds spent performing 0 L2C puts;
    0 nanoseconds spent performing 0 L2C hits;
    0 nanoseconds spent performing 0 L2C misses;
    273363 nanoseconds spent executing 1 flushes (flushing a total of 1 entities and 0 collections);
    0 nanoseconds spent executing 0 partial-flushes (flushing a total of 0 entities and 0 collections)
}
INFO  [2020-12-27 06:11:00,198] org.hibernate.engine.internal.StatisticalLoggingSessionEventListener: Session Metrics {
    89328 nanoseconds spent acquiring 1 JDBC connections;
    990853 nanoseconds spent releasing 1 JDBC connections;
    69004 nanoseconds spent preparing 1 JDBC statements;
    364647 nanoseconds spent executing 1 JDBC statements;
    0 nanoseconds spent executing 0 JDBC batches;
    0 nanoseconds spent performing 0 L2C puts;
    0 nanoseconds spent performing 0 L2C hits;
    0 nanoseconds spent performing 0 L2C misses;
    257159 nanoseconds spent executing 1 flushes (flushing a total of 1 entities and 0 collections);
    0 nanoseconds spent executing 0 partial-flushes (flushing a total of 0 entities and 0 collections)
}
INFO  [2020-12-27 06:11:00,237] org.eclipse.jetty.server.AbstractConnector: Stopped application@40a258c5{HTTP/1.1, (http/1.1)}{0.0.0.0:0}
INFO  [2020-12-27 06:11:00,238] org.eclipse.jetty.server.AbstractConnector: Stopped admin@4e4654fa{HTTP/1.1, (http/1.1)}{0.0.0.0:0}
INFO  [2020-12-27 06:11:00,241] org.eclipse.jetty.server.handler.ContextHandler: Stopped i.d.j.MutableServletContextHandler@59dd9b0f{/,null,STOPPED}
INFO  [2020-12-27 06:11:00,245] org.eclipse.jetty.server.handler.ContextHandler: Stopped i.d.j.MutableServletContextHandler@7599df71{/,null,STOPPED}
